# JRE version: OpenJDK Runtime Environment (8.0_152-b01) (build 1.8.0_152-release-1248-b01)
# Java VM: OpenJDK 64-Bit Server VM (25.152-b01 mixed mode linux-amd64 compressed oops)
Heap:
 PSYoungGen      total 344576K, used 0K [0x00000000e0000000, 0x00000000ffb00000, 0x0000000100000000)
  eden space 175104K, 0% used [0x00000000e0000000,0x00000000e0000000,0x00000000eab00000)
  from space 169472K, 0% used [0x00000000f5580000,0x00000000f5580000,0x00000000ffb00000)
  to   space 172032K, 0% used [0x00000000eab00000,0x00000000eab00000,0x00000000f5300000)
 ParOldGen       total 257024K, used 157734K [0x00000000a0000000, 0x00000000afb00000, 0x00000000e0000000)
  object space 257024K, 61% used [0x00000000a0000000,0x00000000a9a09b90,0x00000000afb00000)
 Metaspace       used 128570K, capacity 132750K, committed 144552K, reserved 1177600K
  class space    used 14556K, capacity 15616K, committed 17328K, reserved 1048576K
GC Heap History (10 events):
Event: 7031,822 GC heap after
Heap after GC invocations=82 (full 8):
 PSYoungGen      total 349696K, used 39865K [0x00000000e0000000, 0x0000000100000000, 0x0000000100000000)
  eden space 175104K, 0% used [0x00000000e0000000,0x00000000e0000000,0x00000000eab00000)
  from space 174592K, 22% used [0x00000000f5580000,0x00000000f7c6e758,0x0000000100000000)
  to   space 174592K, 0% used [0x00000000eab00000,0x00000000eab00000,0x00000000f5580000)
 ParOldGen       total 257024K, used 112941K [0x00000000a0000000, 0x00000000afb00000, 0x00000000e0000000)
  object space 257024K, 43% used [0x00000000a0000000,0x00000000a6e4b538,0x00000000afb00000)
 Metaspace       used 124345K, capacity 128476K, committed 144552K, reserved 1177600K
  class space    used 14056K, capacity 15083K, committed 17328K, reserved 1048576K
}
Event: 7033,131 GC heap before
{Heap before GC invocations=83 (full 8):
 PSYoungGen      total 349696K, used 214969K [0x00000000e0000000, 0x0000000100000000, 0x0000000100000000)
  eden space 175104K, 100% used [0x00000000e0000000,0x00000000eab00000,0x00000000eab00000)
  from space 174592K, 22% used [0x00000000f5580000,0x00000000f7c6e758,0x0000000100000000)
  to   space 174592K, 0% used [0x00000000eab00000,0x00000000eab00000,0x00000000f5580000)
 ParOldGen       total 257024K, used 112941K [0x00000000a0000000, 0x00000000afb00000, 0x00000000e0000000)
  object space 257024K, 43% used [0x00000000a0000000,0x00000000a6e4b538,0x00000000afb00000)
 Metaspace       used 124484K, capacity 128650K, committed 144552K, reserved 1177600K
  class space    used 14067K, capacity 15116K, committed 17328K, reserved 1048576K
Event: 7033,211 GC heap after
Heap after GC invocations=83 (full 8):
 PSYoungGen      total 349696K, used 30074K [0x00000000e0000000, 0x0000000100000000, 0x0000000100000000)
  eden space 175104K, 0% used [0x00000000e0000000,0x00000000e0000000,0x00000000eab00000)
  from space 174592K, 17% used [0x00000000eab00000,0x00000000ec85e978,0x00000000f5580000)
  to   space 174592K, 0% used [0x00000000f5580000,0x00000000f5580000,0x0000000100000000)
 ParOldGen       total 257024K, used 152027K [0x00000000a0000000, 0x00000000afb00000, 0x00000000e0000000)
  object space 257024K, 59% used [0x00000000a0000000,0x00000000a9476c30,0x00000000afb00000)
 Metaspace       used 124484K, capacity 128650K, committed 144552K, reserved 1177600K
  class space    used 14067K, capacity 15116K, committed 17328K, reserved 1048576K
}
Event: 7102,663 GC heap before
{Heap before GC invocations=84 (full 8):
 PSYoungGen      total 349696K, used 205178K [0x00000000e0000000, 0x0000000100000000, 0x0000000100000000)
  eden space 175104K, 100% used [0x00000000e0000000,0x00000000eab00000,0x00000000eab00000)
  from space 174592K, 17% used [0x00000000eab00000,0x00000000ec85e978,0x00000000f5580000)
  to   space 174592K, 0% used [0x00000000f5580000,0x00000000f5580000,0x0000000100000000)
 ParOldGen       total 257024K, used 152027K [0x00000000a0000000, 0x00000000afb00000, 0x00000000e0000000)
  object space 257024K, 59% used [0x00000000a0000000,0x00000000a9476c30,0x00000000afb00000)
 Metaspace       used 125525K, capacity 129714K, committed 144552K, reserved 1177600K
  class space    used 14175K, capacity 15260K, committed 17328K, reserved 1048576K
Event: 7102,705 GC heap after
Heap after GC invocations=84 (full 8):
 PSYoungGen      total 349696K, used 12307K [0x00000000e0000000, 0x0000000100000000, 0x0000000100000000)
  eden space 175104K, 0% used [0x00000000e0000000,0x00000000e0000000,0x00000000eab00000)
  from space 174592K, 7% used [0x00000000f5580000,0x00000000f6184df8,0x0000000100000000)
  to   space 174592K, 0% used [0x00000000eab00000,0x00000000eab00000,0x00000000f5580000)
 ParOldGen       total 257024K, used 176962K [0x00000000a0000000, 0x00000000afb00000, 0x00000000e0000000)
  object space 257024K, 68% used [0x00000000a0000000,0x00000000aacd0a58,0x00000000afb00000)
 Metaspace       used 125525K, capacity 129714K, committed 144552K, reserved 1177600K
  class space    used 14175K, capacity 15260K, committed 17328K, reserved 1048576K
}
Event: 7104,536 GC heap before
{Heap before GC invocations=85 (full 8):
 PSYoungGen      total 349696K, used 187411K [0x00000000e0000000, 0x0000000100000000, 0x0000000100000000)
  eden space 175104K, 100% used [0x00000000e0000000,0x00000000eab00000,0x00000000eab00000)
  from space 174592K, 7% used [0x00000000f5580000,0x00000000f6184df8,0x0000000100000000)
  to   space 174592K, 0% used [0x00000000eab00000,0x00000000eab00000,0x00000000f5580000)
 ParOldGen       total 257024K, used 176962K [0x00000000a0000000, 0x00000000afb00000, 0x00000000e0000000)
  object space 257024K, 68% used [0x00000000a0000000,0x00000000aacd0a58,0x00000000afb00000)
 Metaspace       used 127028K, capacity 131276K, committed 144552K, reserved 1177600K
  class space    used 14356K, capacity 15461K, committed 17328K, reserved 1048576K
Event: 7104,594 GC heap after
Heap after GC invocations=85 (full 8):
 PSYoungGen      total 349696K, used 80372K [0x00000000e0000000, 0x0000000100000000, 0x0000000100000000)
  eden space 175104K, 0% used [0x00000000e0000000,0x00000000e0000000,0x00000000eab00000)
  from space 174592K, 46% used [0x00000000eab00000,0x00000000ef97d0f8,0x00000000f5580000)
  to   space 174592K, 0% used [0x00000000f5580000,0x00000000f5580000,0x0000000100000000)
 ParOldGen       total 257024K, used 185743K [0x00000000a0000000, 0x00000000afb00000, 0x00000000e0000000)
  object space 257024K, 72% used [0x00000000a0000000,0x00000000ab563f60,0x00000000afb00000)
 Metaspace       used 127028K, capacity 131276K, committed 144552K, reserved 1177600K
  class space    used 14356K, capacity 15461K, committed 17328K, reserved 1048576K
}
Event: 7105,631 GC heap before
{Heap before GC invocations=86 (full 8):
 PSYoungGen      total 349696K, used 255476K [0x00000000e0000000, 0x0000000100000000, 0x0000000100000000)
  eden space 175104K, 100% used [0x00000000e0000000,0x00000000eab00000,0x00000000eab00000)
  from space 174592K, 46% used [0x00000000eab00000,0x00000000ef97d0f8,0x00000000f5580000)
  to   space 174592K, 0% used [0x00000000f5580000,0x00000000f5580000,0x0000000100000000)
 ParOldGen       total 257024K, used 185743K [0x00000000a0000000, 0x00000000afb00000, 0x00000000e0000000)
  object space 257024K, 72% used [0x00000000a0000000,0x00000000ab563f60,0x00000000afb00000)
 Metaspace       used 130198K, capacity 134512K, committed 144552K, reserved 1177600K
  class space    used 14751K, capacity 15865K, committed 17328K, reserved 1048576K
Event: 7105,721 GC heap after
Heap after GC invocations=86 (full 8):
 PSYoungGen      total 344576K, used 82974K [0x00000000e0000000, 0x00000000ffb00000, 0x0000000100000000)
  eden space 175104K, 0% used [0x00000000e0000000,0x00000000e0000000,0x00000000eab00000)
  from space 169472K, 48% used [0x00000000f5580000,0x00000000fa687aa8,0x00000000ffb00000)
  to   space 172032K, 0% used [0x00000000eab00000,0x00000000eab00000,0x00000000f5300000)
 ParOldGen       total 257024K, used 216278K [0x00000000a0000000, 0x00000000afb00000, 0x00000000e0000000)
  object space 257024K, 84% used [0x00000000a0000000,0x00000000ad335b70,0x00000000afb00000)
 Metaspace       used 130198K, capacity 134512K, committed 144552K, reserved 1177600K
  class space    used 14751K, capacity 15865K, committed 17328K, reserved 1048576K
}
Event: 7105,721 GC heap before
{Heap before GC invocations=87 (full 9):
 PSYoungGen      total 344576K, used 82974K [0x00000000e0000000, 0x00000000ffb00000, 0x0000000100000000)
  eden space 175104K, 0% used [0x00000000e0000000,0x00000000e0000000,0x00000000eab00000)
  from space 169472K, 48% used [0x00000000f5580000,0x00000000fa687aa8,0x00000000ffb00000)
  to   space 172032K, 0% used [0x00000000eab00000,0x00000000eab00000,0x00000000f5300000)
 ParOldGen       total 257024K, used 216278K [0x00000000a0000000, 0x00000000afb00000, 0x00000000e0000000)
  object space 257024K, 84% used [0x00000000a0000000,0x00000000ad335b70,0x00000000afb00000)
 Metaspace       used 130198K, capacity 134512K, committed 144552K, reserved 1177600K
  class space    used 14751K, capacity 15865K, committed 17328K, reserved 1048576K

