# JRE version: OpenJDK Runtime Environment (8.0_152-b01) (build 1.8.0_152-release-1248-b01)
# Java VM: OpenJDK 64-Bit Server VM (25.152-b01 mixed mode linux-amd64 compressed oops)
Heap:
 PSYoungGen      total 378880K, used 0K [0x00000000e0000000, 0x0000000100000000, 0x0000000100000000)
  eden space 233472K, 0% used [0x00000000e0000000,0x00000000e0000000,0x00000000ee400000)
  from space 145408K, 0% used [0x00000000ee400000,0x00000000ee400000,0x00000000f7200000)
  to   space 145408K, 0% used [0x00000000f7200000,0x00000000f7200000,0x0000000100000000)
 ParOldGen       total 201216K, used 151924K [0x00000000a0000000, 0x00000000ac480000, 0x00000000e0000000)
  object space 201216K, 75% used [0x00000000a0000000,0x00000000a945d0a8,0x00000000ac480000)
 Metaspace       used 99242K, capacity 102374K, committed 102696K, reserved 1140736K
  class space    used 11306K, capacity 12032K, committed 12080K, reserved 1048576K
GC Heap History (10 events):
Event: 1216,745 GC heap after
Heap after GC invocations=31 (full 6):
 PSYoungGen      total 387584K, used 39073K [0x00000000e0000000, 0x00000000fd100000, 0x0000000100000000)
  eden space 304640K, 0% used [0x00000000e0000000,0x00000000e0000000,0x00000000f2980000)
  from space 82944K, 47% used [0x00000000f2980000,0x00000000f4fa8710,0x00000000f7a80000)
  to   space 78848K, 0% used [0x00000000f8400000,0x00000000f8400000,0x00000000fd100000)
 ParOldGen       total 201216K, used 32254K [0x00000000a0000000, 0x00000000ac480000, 0x00000000e0000000)
  object space 201216K, 16% used [0x00000000a0000000,0x00000000a1f7f8d8,0x00000000ac480000)
 Metaspace       used 88325K, capacity 91102K, committed 91304K, reserved 1130496K
  class space    used 10014K, capacity 10632K, committed 10672K, reserved 1048576K
}
Event: 1306,794 GC heap before
{Heap before GC invocations=32 (full 6):
 PSYoungGen      total 387584K, used 343713K [0x00000000e0000000, 0x00000000fd100000, 0x0000000100000000)
  eden space 304640K, 100% used [0x00000000e0000000,0x00000000f2980000,0x00000000f2980000)
  from space 82944K, 47% used [0x00000000f2980000,0x00000000f4fa8710,0x00000000f7a80000)
  to   space 78848K, 0% used [0x00000000f8400000,0x00000000f8400000,0x00000000fd100000)
 ParOldGen       total 201216K, used 32254K [0x00000000a0000000, 0x00000000ac480000, 0x00000000e0000000)
  object space 201216K, 16% used [0x00000000a0000000,0x00000000a1f7f8d8,0x00000000ac480000)
 Metaspace       used 92821K, capacity 95704K, committed 96040K, reserved 1134592K
  class space    used 10571K, capacity 11239K, committed 11312K, reserved 1048576K
Event: 1306,888 GC heap after
Heap after GC invocations=32 (full 6):
 PSYoungGen      total 371712K, used 78830K [0x00000000e0000000, 0x00000000ffe00000, 0x0000000100000000)
  eden space 292864K, 0% used [0x00000000e0000000,0x00000000e0000000,0x00000000f1e00000)
  from space 78848K, 99% used [0x00000000f8400000,0x00000000fd0fba28,0x00000000fd100000)
  to   space 104448K, 0% used [0x00000000f1e00000,0x00000000f1e00000,0x00000000f8400000)
 ParOldGen       total 201216K, used 73731K [0x00000000a0000000, 0x00000000ac480000, 0x00000000e0000000)
  object space 201216K, 36% used [0x00000000a0000000,0x00000000a4800c50,0x00000000ac480000)
 Metaspace       used 92821K, capacity 95704K, committed 96040K, reserved 1134592K
  class space    used 10571K, capacity 11239K, committed 11312K, reserved 1048576K
}
Event: 1308,897 GC heap before
{Heap before GC invocations=33 (full 6):
 PSYoungGen      total 371712K, used 371694K [0x00000000e0000000, 0x00000000ffe00000, 0x0000000100000000)
  eden space 292864K, 100% used [0x00000000e0000000,0x00000000f1e00000,0x00000000f1e00000)
  from space 78848K, 99% used [0x00000000f8400000,0x00000000fd0fba28,0x00000000fd100000)
  to   space 104448K, 0% used [0x00000000f1e00000,0x00000000f1e00000,0x00000000f8400000)
 ParOldGen       total 201216K, used 73731K [0x00000000a0000000, 0x00000000ac480000, 0x00000000e0000000)
  object space 201216K, 36% used [0x00000000a0000000,0x00000000a4800c50,0x00000000ac480000)
 Metaspace       used 93922K, capacity 96884K, committed 97192K, reserved 1134592K
  class space    used 10683K, capacity 11351K, committed 11440K, reserved 1048576K
Event: 1308,986 GC heap after
Heap after GC invocations=33 (full 6):
 PSYoungGen      total 397312K, used 103479K [0x00000000e0000000, 0x0000000100000000, 0x0000000100000000)
  eden space 292864K, 0% used [0x00000000e0000000,0x00000000e0000000,0x00000000f1e00000)
  from space 104448K, 99% used [0x00000000f1e00000,0x00000000f830dcf0,0x00000000f8400000)
  to   space 119296K, 0% used [0x00000000f8b80000,0x00000000f8b80000,0x0000000100000000)
 ParOldGen       total 201216K, used 90064K [0x00000000a0000000, 0x00000000ac480000, 0x00000000e0000000)
  object space 201216K, 44% used [0x00000000a0000000,0x00000000a57f4080,0x00000000ac480000)
 Metaspace       used 93922K, capacity 96884K, committed 97192K, reserved 1134592K
  class space    used 10683K, capacity 11351K, committed 11440K, reserved 1048576K
}
Event: 1411,185 GC heap before
{Heap before GC invocations=34 (full 6):
 PSYoungGen      total 397312K, used 396343K [0x00000000e0000000, 0x0000000100000000, 0x0000000100000000)
  eden space 292864K, 100% used [0x00000000e0000000,0x00000000f1e00000,0x00000000f1e00000)
  from space 104448K, 99% used [0x00000000f1e00000,0x00000000f830dcf0,0x00000000f8400000)
  to   space 119296K, 0% used [0x00000000f8b80000,0x00000000f8b80000,0x0000000100000000)
 ParOldGen       total 201216K, used 90064K [0x00000000a0000000, 0x00000000ac480000, 0x00000000e0000000)
  object space 201216K, 44% used [0x00000000a0000000,0x00000000a57f4080,0x00000000ac480000)
 Metaspace       used 95970K, capacity 99046K, committed 99240K, reserved 1136640K
  class space    used 10905K, capacity 11624K, committed 11696K, reserved 1048576K
Event: 1411,292 GC heap after
Heap after GC invocations=34 (full 6):
 PSYoungGen      total 352768K, used 119279K [0x00000000e0000000, 0x0000000100000000, 0x0000000100000000)
  eden space 233472K, 0% used [0x00000000e0000000,0x00000000e0000000,0x00000000ee400000)
  from space 119296K, 99% used [0x00000000f8b80000,0x00000000ffffbd00,0x0000000100000000)
  to   space 145408K, 0% used [0x00000000ee400000,0x00000000ee400000,0x00000000f7200000)
 ParOldGen       total 201216K, used 113203K [0x00000000a0000000, 0x00000000ac480000, 0x00000000e0000000)
  object space 201216K, 56% used [0x00000000a0000000,0x00000000a6e8ce40,0x00000000ac480000)
 Metaspace       used 95970K, capacity 99046K, committed 99240K, reserved 1136640K
  class space    used 10905K, capacity 11624K, committed 11696K, reserved 1048576K
}
Event: 1412,863 GC heap before
{Heap before GC invocations=35 (full 6):
 PSYoungGen      total 352768K, used 352751K [0x00000000e0000000, 0x0000000100000000, 0x0000000100000000)
  eden space 233472K, 100% used [0x00000000e0000000,0x00000000ee400000,0x00000000ee400000)
  from space 119296K, 99% used [0x00000000f8b80000,0x00000000ffffbd00,0x0000000100000000)
  to   space 145408K, 0% used [0x00000000ee400000,0x00000000ee400000,0x00000000f7200000)
 ParOldGen       total 201216K, used 113203K [0x00000000a0000000, 0x00000000ac480000, 0x00000000e0000000)
  object space 201216K, 56% used [0x00000000a0000000,0x00000000a6e8ce40,0x00000000ac480000)
 Metaspace       used 99242K, capacity 102374K, committed 102696K, reserved 1140736K
  class space    used 11306K, capacity 12032K, committed 12080K, reserved 1048576K
Event: 1413,031 GC heap after
Heap after GC invocations=35 (full 6):
 PSYoungGen      total 378880K, used 145392K [0x00000000e0000000, 0x0000000100000000, 0x0000000100000000)
  eden space 233472K, 0% used [0x00000000e0000000,0x00000000e0000000,0x00000000ee400000)
  from space 145408K, 99% used [0x00000000ee400000,0x00000000f71fc328,0x00000000f7200000)
  to   space 145408K, 0% used [0x00000000f7200000,0x00000000f7200000,0x0000000100000000)
 ParOldGen       total 201216K, used 163361K [0x00000000a0000000, 0x00000000ac480000, 0x00000000e0000000)
  object space 201216K, 81% used [0x00000000a0000000,0x00000000a9f88788,0x00000000ac480000)
 Metaspace       used 99242K, capacity 102374K, committed 102696K, reserved 1140736K
  class space    used 11306K, capacity 12032K, committed 12080K, reserved 1048576K
}
Event: 1413,031 GC heap before
{Heap before GC invocations=36 (full 7):
 PSYoungGen      total 378880K, used 145392K [0x00000000e0000000, 0x0000000100000000, 0x0000000100000000)
  eden space 233472K, 0% used [0x00000000e0000000,0x00000000e0000000,0x00000000ee400000)
  from space 145408K, 99% used [0x00000000ee400000,0x00000000f71fc328,0x00000000f7200000)
  to   space 145408K, 0% used [0x00000000f7200000,0x00000000f7200000,0x0000000100000000)
 ParOldGen       total 201216K, used 163361K [0x00000000a0000000, 0x00000000ac480000, 0x00000000e0000000)
  object space 201216K, 81% used [0x00000000a0000000,0x00000000a9f88788,0x00000000ac480000)
 Metaspace       used 99242K, capacity 102374K, committed 102696K, reserved 1140736K
  class space    used 11306K, capacity 12032K, committed 12080K, reserved 1048576K

